[09-Sep-2016 13:44:19 Asia/Kolkata] PHP Fatal error:  Call to a member function options() on null in E:\xampp\htdocs\pocs\sys\core\Server.php on line 24
[09-Sep-2016 13:48:21 Asia/Kolkata] PHP Notice:  Use of undefined constant flase - assumed 'flase' in E:\xampp\htdocs\pocs\sys\core\Console.php on line 155
[09-Sep-2016 13:53:52 Asia/Kolkata] PHP Fatal error:  Uncaught exception 'InvalidArgumentException' with message 'Invalid environment rt.' in E:\xampp\htdocs\pocs\sys\core\Config.php:49
Stack trace:
#0 E:\xampp\htdocs\pocs\sys\core\Config.php(75): POCS\Core\Config->__construct()
#1 E:\xampp\htdocs\pocs\pocs(46): POCS\Core\Config::instance()
#2 {main}
  thrown in E:\xampp\htdocs\pocs\sys\core\Config.php on line 49
[09-Sep-2016 13:58:41 Asia/Kolkata] PHP Fatal error:  Uncaught exception 'InvalidArgumentException' with message 'Invalid environment rt.' in E:\xampp\htdocs\pocs\sys\core\Config.php:49
Stack trace:
#0 E:\xampp\htdocs\pocs\sys\core\Config.php(75): POCS\Core\Config->__construct()
#1 E:\xampp\htdocs\pocs\sys\helpers.php(39): POCS\Core\Config::instance()
#2 E:\xampp\htdocs\pocs\sys\core\Console.php(157): config('verbose', false)
#3 E:\xampp\htdocs\pocs\sys\core\Console.php(172): POCS\Core\Console::log('[InvalidArgumen...')
#4 [internal function]: POCS\Core\Console->exception(Object(InvalidArgumentException))
#5 {main}
  thrown in E:\xampp\htdocs\pocs\sys\core\Config.php on line 49
[09-Sep-2016 14:31:17 Asia/Kolkata] PHP Fatal error:  Call to undefined function value() in E:\xampp\htdocs\pocs\sys\helpers.php on line 20
[09-Sep-2016 14:33:40 Asia/Kolkata] PHP Fatal error:  Interface 'POCS\Core\ClientInterface' not found in E:\xampp\htdocs\pocs\sys\core\ClientController.php on line 3
[09-Sep-2016 14:34:09 Asia/Kolkata] PHP Fatal error:  Interface 'POCS\Core\ClientInterface' not found in E:\xampp\htdocs\pocs\sys\core\ClientController.php on line 3
[09-Sep-2016 14:34:29 Asia/Kolkata] PHP Fatal error:  Interface 'POCS\Core\ClientInterface' not found in E:\xampp\htdocs\pocs\sys\core\ClientController.php on line 3
[09-Sep-2016 16:33:41 Asia/Kolkata] PHP Notice:  Undefined property: POCS\Core\Client::$controller in E:\xampp\htdocs\pocs\sys\core\Client.php on line 19
[09-Sep-2016 16:33:41 Asia/Kolkata] PHP Fatal error:  Call to a member function getId() on null in E:\xampp\htdocs\pocs\sys\core\Client.php on line 19
[09-Sep-2016 18:15:47 Asia/Kolkata] PHP Fatal error:  Class 'POCS\Lib\Connection' not found in E:\xampp\htdocs\pocs\pocs on line 53
[09-Sep-2016 18:16:32 Asia/Kolkata] PHP Fatal error:  Class 'POCS\Core\PDO\Config' not found in E:\xampp\htdocs\pocs\pocs on line 46
[09-Sep-2016 18:16:44 Asia/Kolkata] PHP Fatal error:  Class 'POCS\Lib\PDO\Connection' not found in E:\xampp\htdocs\pocs\pocs on line 53
[09-Sep-2016 18:26:17 Asia/Kolkata] PHP Fatal error:  Class 'POCS\Lib\PDO\Connection' not found in E:\xampp\htdocs\pocs\pocs on line 53
[10-Sep-2016 15:48:40 Europe/Berlin] PHP Parse error:  syntax error, unexpected '}' in E:\xampp\htdocs\pocs\sys\core\ClientController.php on line 44
[10-Sep-2016 15:51:17 Europe/Berlin] PHP Fatal error:  Declaration of POCS\Core\ClientController::sending() must be compatible with POCS\Core\ClientInterface::sending($payloads) in E:\xampp\htdocs\pocs\sys\core\ClientController.php on line 3
[10-Sep-2016 15:55:20 Europe/Berlin] PHP Parse error:  syntax error, unexpected '"' in E:\xampp\htdocs\pocs\sys\core\ClientController.php on line 15
[10-Sep-2016 15:59:56 Europe/Berlin] PHP Notice:  Undefined variable: payloads in E:\xampp\htdocs\pocs\sys\core\ClientController.php on line 41
[10-Sep-2016 16:00:29 Europe/Berlin] PHP Notice:  Undefined variable: payloads in E:\xampp\htdocs\pocs\sys\core\ClientController.php on line 41
[10-Sep-2016 16:17:56 Europe/Berlin] PHP Fatal error:  Class 'POCS\App\Console' not found in E:\xampp\htdocs\pocs\app\ClientController.php on line 10
