[2016-09-08 15:30:36] Sending response...
[2016-09-08 15:54:57] Listening on 127.0.0.1:9100...
[2016-09-08 15:55:55] Processing master socket
[2016-09-08 15:55:55] Client connected with id: u57d13cb3ddae8.
[2016-09-08 15:55:55] Finding the associated  client with current socket...
[2016-09-08 15:55:55] Client found: u57d13cb3ddae8
[2016-09-08 15:55:55] Receiving data...
[2016-09-08 15:55:55] Doing the handshake with u57d13cb3ddae8
[2016-09-08 15:55:55] Handshake done with #u57d13cb3ddae8
[2016-09-08 15:55:55] Sending response...
[2016-09-08 16:00:15] Listening on 127.0.0.1:9100...
[2016-09-08 16:00:20] Processing master socket
[2016-09-08 16:00:20] Client connected with id: u57d13dbc94d3e.
[2016-09-08 16:00:20] Finding the associated  client with current socket...
[2016-09-08 16:00:20] Client found: u57d13dbc94d3e
[2016-09-08 16:00:20] Receiving data...
[2016-09-08 16:00:20] Doing the handshake with u57d13dbc94d3e
[2016-09-08 16:00:20] HTTP/1.1 400 Bad Request
[2016-09-08 16:00:20] Disconnecting client #u57d13dbc94d3e.
[2016-09-08 16:00:20] Client #u57d13dbc94d3e disconnected.
[2016-09-08 16:02:20] Listening on 127.0.0.1:9100...
[2016-09-08 16:02:24] Processing master socket
[2016-09-08 16:02:24] Client connected with id: u57d13e3822cb6.
[2016-09-08 16:02:24] Finding the associated  client with current socket...
[2016-09-08 16:02:24] Client found: u57d13e3822cb6
[2016-09-08 16:02:24] Receiving data...
[2016-09-08 16:02:24] Doing the handshake with u57d13e3822cb6
[2016-09-08 16:02:24] Host:127.0.0.1:9100
[2016-09-08 16:02:24] HTTP/1.1 400 Bad Request
[2016-09-08 16:02:24] Disconnecting client #u57d13e3822cb6.
[2016-09-08 16:02:24] Client #u57d13e3822cb6 disconnected.
[2016-09-08 16:03:13] Listening on 127.0.0.1:9100...
[2016-09-08 16:06:23] Listening on 192.168.1.103:9100...
[2016-09-08 16:06:46] Processing master socket
[2016-09-08 16:06:46] Client connected with id: u57d13f3e19dd5.
[2016-09-08 16:06:46] Finding the associated  client with current socket...
[2016-09-08 16:06:46] Client found: u57d13f3e19dd5
[2016-09-08 16:06:46] Receiving data...
[2016-09-08 16:06:46] Doing the handshake with u57d13f3e19dd5
[2016-09-08 16:06:46] Handshake done with #u57d13f3e19dd5
[2016-09-08 16:06:46] Sending response...
[2016-09-08 16:06:53] Processing master socket
[2016-09-08 16:06:53] Client connected with id: u57d13f4559d92.
[2016-09-08 16:06:53] Finding the associated  client with current socket...
[2016-09-08 16:06:53] Client found: u57d13f4559d92
[2016-09-08 16:06:53] Receiving data...
[2016-09-08 16:06:53] Doing the handshake with u57d13f4559d92
[2016-09-08 16:06:53] Handshake done with #u57d13f4559d92
[2016-09-08 16:06:53] Sending response...
[2016-09-08 16:07:16] Finding the associated  client with current socket...
[2016-09-08 16:07:16] Client found: u57d13f4559d92
[2016-09-08 16:07:16] Receiving data...
[2016-09-08 16:07:16] Data received...
[2016-09-08 16:07:16] Receiver found...
[2016-09-08 16:07:16] Sending response...
[2016-09-08 16:07:30] Finding the associated  client with current socket...
[2016-09-08 16:07:30] Client found: u57d13f3e19dd5
[2016-09-08 16:07:30] Receiving data...
[2016-09-08 16:07:30] Data received...
[2016-09-08 16:07:30] Receiver found...
[2016-09-08 16:07:30] Sending response...
[2016-09-08 16:07:36] Finding the associated  client with current socket...
[2016-09-08 16:07:36] Client found: u57d13f4559d92
[2016-09-08 16:07:36] Receiving data...
[2016-09-08 16:07:36] Data received...
[2016-09-08 16:07:36] Finding the associated  client with current socket...
[2016-09-08 16:07:36] Client found: u57d13f4559d92
[2016-09-08 16:07:36] Receiving data...
[2016-09-08 16:07:36] No byte received.
[2016-09-08 16:07:36] Disconnecting client #u57d13f4559d92.
[2016-09-08 16:07:36] Client #u57d13f4559d92 disconnected.
[2016-09-08 16:07:45] Finding the associated  client with current socket...
[2016-09-08 16:07:46] Client found: u57d13f3e19dd5
[2016-09-08 16:07:46] Receiving data...
[2016-09-08 16:07:46] Data received...
[2016-09-08 16:08:13] Processing master socket
[2016-09-08 16:08:13] Client connected with id: u57d13f954e844.
[2016-09-08 16:08:13] Finding the associated  client with current socket...
[2016-09-08 16:08:13] Client found: u57d13f954e844
[2016-09-08 16:08:13] Receiving data...
[2016-09-08 16:08:13] Doing the handshake with u57d13f954e844
[2016-09-08 16:08:13] Handshake done with #u57d13f954e844
[2016-09-08 16:08:13] Sending response...
[2016-09-08 16:08:28] Finding the associated  client with current socket...
[2016-09-08 16:08:28] Client found: u57d13f954e844
[2016-09-08 16:08:28] Receiving data...
[2016-09-08 16:08:28] Data received...
[2016-09-08 16:08:28] Receiver found...
[2016-09-08 16:08:28] Sending response...
[2016-09-08 16:08:42] Finding the associated  client with current socket...
[2016-09-08 16:08:42] Client found: u57d13f3e19dd5
[2016-09-08 16:08:42] Receiving data...
[2016-09-08 16:08:42] Data received...
[2016-09-08 16:09:13] Finding the associated  client with current socket...
[2016-09-08 16:09:13] Client found: u57d13f3e19dd5
[2016-09-08 16:09:13] Receiving data...
[2016-09-08 16:09:13] Data received...
[2016-09-08 16:09:13] Receiver found...
[2016-09-08 16:09:13] Sending response...
[2016-09-08 16:09:21] Finding the associated  client with current socket...
[2016-09-08 16:09:21] Client found: u57d13f954e844
[2016-09-08 16:09:21] Receiving data...
[2016-09-08 16:09:21] Data received...
[2016-09-08 16:09:21] Receiver found...
[2016-09-08 16:09:21] Sending response...
[2016-09-08 16:09:26] Finding the associated  client with current socket...
[2016-09-08 16:09:26] Client found: u57d13f3e19dd5
[2016-09-08 16:09:26] Receiving data...
[2016-09-08 16:09:26] Data received...
[2016-09-08 16:09:26] Receiver found...
[2016-09-08 16:09:26] Sending response...
[2016-09-08 16:09:34] Finding the associated  client with current socket...
[2016-09-08 16:09:34] Client found: u57d13f3e19dd5
[2016-09-08 16:09:34] Receiving data...
[2016-09-08 16:09:34] Data received...
[2016-09-08 16:09:34] Receiver found...
[2016-09-08 16:09:34] Sending response...
[2016-09-08 16:09:37] Finding the associated  client with current socket...
[2016-09-08 16:09:37] Client found: u57d13f954e844
[2016-09-08 16:09:37] Receiving data...
[2016-09-08 16:09:37] Data received...
[2016-09-08 16:09:37] Receiver found...
[2016-09-08 16:09:37] Sending response...
[2016-09-08 16:09:40] Finding the associated  client with current socket...
[2016-09-08 16:09:40] Client found: u57d13f954e844
[2016-09-08 16:09:40] Receiving data...
[2016-09-08 16:09:40] Data received...
[2016-09-08 16:09:40] Receiver found...
[2016-09-08 16:09:40] Sending response...
[2016-09-08 16:09:43] Finding the associated  client with current socket...
[2016-09-08 16:09:43] Client found: u57d13f954e844
[2016-09-08 16:09:43] Receiving data...
[2016-09-08 16:09:43] Data received...
[2016-09-08 16:09:43] Finding the associated  client with current socket...
[2016-09-08 16:09:43] Client found: u57d13f954e844
[2016-09-08 16:09:43] Receiving data...
[2016-09-08 16:09:43] No byte received.
[2016-09-08 16:09:43] Disconnecting client #u57d13f954e844.
[2016-09-08 16:09:43] Client #u57d13f954e844 disconnected.
[2016-09-08 16:09:50] Finding the associated  client with current socket...
[2016-09-08 16:09:50] Client found: u57d13f3e19dd5
[2016-09-08 16:09:50] Receiving data...
[2016-09-08 16:09:50] Data received...
[2016-09-08 16:09:50] Finding the associated  client with current socket...
[2016-09-08 16:09:50] Client found: u57d13f3e19dd5
[2016-09-08 16:09:50] Receiving data...
[2016-09-08 16:09:50] No byte received.
[2016-09-08 16:09:50] Disconnecting client #u57d13f3e19dd5.
[2016-09-08 16:09:50] Client #u57d13f3e19dd5 disconnected.
[2016-09-08 16:10:57] Listening on 192.168.1.103:9100...
[2016-09-08 16:11:01] Processing master socket
[2016-09-08 16:11:01] Client connected with id: u57d1403d27fea.
[2016-09-08 16:11:01] Finding the associated  client with current socket...
[2016-09-08 16:11:01] Client found: u57d1403d27fea
[2016-09-08 16:11:01] Receiving data...
[2016-09-08 16:11:01] Doing the handshake with u57d1403d27fea
[2016-09-08 16:11:01] Handshake done with #u57d1403d27fea
[2016-09-08 16:11:01] Sending response...
[2016-09-08 16:11:16] Processing master socket
[2016-09-08 16:11:16] Client connected with id: u57d1404c40f27.
[2016-09-08 16:11:16] Finding the associated  client with current socket...
[2016-09-08 16:11:16] Client found: u57d1404c40f27
[2016-09-08 16:11:16] Receiving data...
[2016-09-08 16:11:16] Doing the handshake with u57d1404c40f27
[2016-09-08 16:11:16] Handshake done with #u57d1404c40f27
[2016-09-08 16:11:16] Sending response...
[2016-09-08 16:11:31] Finding the associated  client with current socket...
[2016-09-08 16:11:31] Client found: u57d1404c40f27
[2016-09-08 16:11:31] Receiving data...
[2016-09-08 16:11:31] Data received...
[2016-09-08 16:11:31] Receiver found...
[2016-09-08 16:11:31] Sending response...
[2016-09-08 16:11:44] Finding the associated  client with current socket...
[2016-09-08 16:11:44] Client found: u57d1403d27fea
[2016-09-08 16:11:44] Receiving data...
[2016-09-08 16:11:44] Data received...
[2016-09-08 16:11:44] Receiver found...
[2016-09-08 16:11:44] Sending response...
[2016-09-08 16:11:49] Finding the associated  client with current socket...
[2016-09-08 16:11:49] Client found: u57d1404c40f27
[2016-09-08 16:11:49] Receiving data...
[2016-09-08 16:11:49] Data received...
[2016-09-08 16:11:49] Receiver found...
[2016-09-08 16:11:49] Sending response...
[2016-09-08 16:11:51] Finding the associated  client with current socket...
[2016-09-08 16:11:51] Client found: u57d1403d27fea
[2016-09-08 16:11:51] Receiving data...
[2016-09-08 16:11:51] Data received...
[2016-09-08 16:11:51] Receiver found...
[2016-09-08 16:11:51] Sending response...
[2016-09-08 16:11:57] Finding the associated  client with current socket...
[2016-09-08 16:11:57] Client found: u57d1403d27fea
[2016-09-08 16:11:57] Receiving data...
[2016-09-08 16:11:57] Data received...
[2016-09-08 16:11:57] Receiver found...
[2016-09-08 16:11:57] Sending response...
[2016-09-08 16:12:04] Finding the associated  client with current socket...
[2016-09-08 16:12:04] Client found: u57d1404c40f27
[2016-09-08 16:12:04] Receiving data...
[2016-09-08 16:12:04] Data received...
[2016-09-08 16:12:04] Receiver found...
[2016-09-08 16:12:04] Sending response...
[2016-09-08 16:12:11] Finding the associated  client with current socket...
[2016-09-08 16:12:11] Client found: u57d1403d27fea
[2016-09-08 16:12:11] Receiving data...
[2016-09-08 16:12:11] Data received...
[2016-09-08 16:12:11] Receiver found...
[2016-09-08 16:12:11] Sending response...
[2016-09-08 16:12:13] Finding the associated  client with current socket...
[2016-09-08 16:12:13] Client found: u57d1403d27fea
[2016-09-08 16:12:13] Receiving data...
[2016-09-08 16:12:13] Data received...
[2016-09-08 16:12:13] Receiver found...
[2016-09-08 16:12:13] Sending response...
[2016-09-08 16:12:13] Finding the associated  client with current socket...
[2016-09-08 16:12:13] Client found: u57d1403d27fea
[2016-09-08 16:12:13] Receiving data...
[2016-09-08 16:12:13] Data received...
[2016-09-08 16:12:13] Receiver found...
[2016-09-08 16:12:13] Sending response...
[2016-09-08 16:12:14] Finding the associated  client with current socket...
[2016-09-08 16:12:14] Client found: u57d1403d27fea
[2016-09-08 16:12:14] Receiving data...
[2016-09-08 16:12:14] Data received...
[2016-09-08 16:12:14] Receiver found...
[2016-09-08 16:12:14] Sending response...
[2016-09-08 16:12:14] Finding the associated  client with current socket...
[2016-09-08 16:12:14] Client found: u57d1403d27fea
[2016-09-08 16:12:14] Receiving data...
[2016-09-08 16:12:14] Data received...
[2016-09-08 16:12:14] Receiver found...
[2016-09-08 16:12:14] Sending response...
[2016-09-08 16:12:15] Finding the associated  client with current socket...
[2016-09-08 16:12:15] Client found: u57d1403d27fea
[2016-09-08 16:12:15] Receiving data...
[2016-09-08 16:12:15] Data received...
[2016-09-08 16:12:15] Receiver found...
[2016-09-08 16:12:15] Sending response...
[2016-09-08 16:12:15] Finding the associated  client with current socket...
[2016-09-08 16:12:15] Client found: u57d1403d27fea
[2016-09-08 16:12:15] Receiving data...
[2016-09-08 16:12:15] Data received...
[2016-09-08 16:12:15] Receiver found...
[2016-09-08 16:12:15] Sending response...
[2016-09-08 16:12:16] Finding the associated  client with current socket...
[2016-09-08 16:12:16] Client found: u57d1403d27fea
[2016-09-08 16:12:16] Receiving data...
[2016-09-08 16:12:16] Data received...
[2016-09-08 16:12:16] Receiver found...
[2016-09-08 16:12:16] Sending response...
[2016-09-08 16:12:16] Finding the associated  client with current socket...
[2016-09-08 16:12:16] Client found: u57d1403d27fea
[2016-09-08 16:12:16] Receiving data...
[2016-09-08 16:12:16] Data received...
[2016-09-08 16:12:16] Receiver found...
[2016-09-08 16:12:16] Sending response...
[2016-09-10 07:51:42] Listening on 192.168.1.103:9100...
[2016-09-10 07:53:48] Listening on 192.168.1.103:9100...
[2016-09-10 07:55:20] Listening on 127.0.0.1:9100...
